<?xml version="1.0" encoding="UTF-8"?>
<testsuite name="com.kodilla.stream.WorldTestSuite" tests="1" skipped="0" failures="0" errors="0" timestamp="2019-04-27T14:31:06" hostname="Amanda" time="0.003">
  <properties/>
  <testcase name="testGetPeopleQuantity" classname="com.kodilla.stream.WorldTestSuite" time="0.003"/>
  <system-out><![CDATA[]]></system-out>
  <system-err><![CDATA[]]></system-err>
</testsuite>
