<?xml version="1.0" encoding="UTF-8"?>
<testsuite name="com.kodilla.stream.simple.SimpleInvoiceTestSuite" tests="1" skipped="0" failures="0" errors="0" timestamp="2019-06-10T20:00:59" hostname="Amanda" time="0.003">
  <properties/>
  <testcase name="testGetValueToPay" classname="com.kodilla.stream.simple.SimpleInvoiceTestSuite" time="0.003"/>
  <system-out><![CDATA[]]></system-out>
  <system-err><![CDATA[]]></system-err>
</testsuite>
