<?xml version="1.0" encoding="UTF-8"?>
<testsuite name="com.kodilla.stream.WorldTestSuite" tests="1" skipped="0" failures="0" errors="0" timestamp="2019-06-10T20:00:59" hostname="Amanda" time="0.004">
  <properties/>
  <testcase name="testGetPeopleQuantity" classname="com.kodilla.stream.WorldTestSuite" time="0.004"/>
  <system-out><![CDATA[]]></system-out>
  <system-err><![CDATA[]]></system-err>
</testsuite>
