<?xml version="1.0" encoding="UTF-8"?>
<testsuite name="com.kodilla.spring.forum.ForumUserTestSuite" tests="1" skipped="0" failures="0" errors="0" timestamp="2019-06-09T18:40:25" hostname="Amanda" time="0.134">
  <properties/>
  <testcase name="testGetUsername" classname="com.kodilla.spring.forum.ForumUserTestSuite" time="0.134"/>
  <system-out><![CDATA[2019-06-09 20:40:24.999  INFO 5616 --- [    Test worker] .b.t.c.SpringBootTestContextBootstrapper : Neither @ContextConfiguration nor @ContextHierarchy found for test class [com.kodilla.spring.forum.ForumUserTestSuite], using SpringBootContextLoader
2019-06-09 20:40:25.000  INFO 5616 --- [    Test worker] o.s.t.c.support.AbstractContextLoader    : Could not detect default resource locations for test class [com.kodilla.spring.forum.ForumUserTestSuite]: no resource found for suffixes {-context.xml, Context.groovy}.
2019-06-09 20:40:25.001  INFO 5616 --- [    Test worker] t.c.s.AnnotationConfigContextLoaderUtils : Could not detect default configuration classes for test class [com.kodilla.spring.forum.ForumUserTestSuite]: ForumUserTestSuite does not declare any static, non-private, non-final, nested classes annotated with @Configuration.
2019-06-09 20:40:25.010  INFO 5616 --- [    Test worker] .b.t.c.SpringBootTestContextBootstrapper : Found @SpringBootConfiguration com.kodilla.spring.SpringRunner for test class com.kodilla.spring.forum.ForumUserTestSuite
2019-06-09 20:40:25.013  INFO 5616 --- [    Test worker] .b.t.c.SpringBootTestContextBootstrapper : Loaded default TestExecutionListener class names from location [META-INF/spring.factories]: [org.springframework.boot.test.autoconfigure.restdocs.RestDocsTestExecutionListener, org.springframework.boot.test.autoconfigure.web.client.MockRestServiceServerResetTestExecutionListener, org.springframework.boot.test.autoconfigure.web.servlet.MockMvcPrintOnlyOnFailureTestExecutionListener, org.springframework.boot.test.autoconfigure.web.servlet.WebDriverTestExecutionListener, org.springframework.boot.test.mock.mockito.MockitoTestExecutionListener, org.springframework.boot.test.mock.mockito.ResetMocksTestExecutionListener, org.springframework.test.context.web.ServletTestExecutionListener, org.springframework.test.context.support.DirtiesContextBeforeModesTestExecutionListener, org.springframework.test.context.support.DependencyInjectionTestExecutionListener, org.springframework.test.context.support.DirtiesContextTestExecutionListener, org.springframework.test.context.transaction.TransactionalTestExecutionListener, org.springframework.test.context.jdbc.SqlScriptsTestExecutionListener]
2019-06-09 20:40:25.016  INFO 5616 --- [    Test worker] .b.t.c.SpringBootTestContextBootstrapper : Using TestExecutionListeners: [org.springframework.test.context.support.DirtiesContextBeforeModesTestExecutionListener@4a63d8a1, org.springframework.boot.test.mock.mockito.MockitoTestExecutionListener@44eb32c5, org.springframework.boot.test.autoconfigure.SpringBootDependencyInjectionTestExecutionListener@7b2b1007, org.springframework.test.context.support.DirtiesContextTestExecutionListener@1b93ef2, org.springframework.boot.test.autoconfigure.restdocs.RestDocsTestExecutionListener@554b58b4, org.springframework.boot.test.autoconfigure.web.client.MockRestServiceServerResetTestExecutionListener@48ab25c2, org.springframework.boot.test.autoconfigure.web.servlet.MockMvcPrintOnlyOnFailureTestExecutionListener@6ba3aff8, org.springframework.boot.test.autoconfigure.web.servlet.WebDriverTestExecutionListener@23a552d0, org.springframework.boot.test.mock.mockito.ResetMocksTestExecutionListener@2ca430e8]
]]></system-out>
  <system-err><![CDATA[]]></system-err>
</testsuite>
