<?xml version="1.0" encoding="UTF-8"?>
<testsuite name="com.kodilla.spring.forum.ForumUserTestSuite" tests="1" skipped="0" failures="0" errors="0" timestamp="2019-06-11T19:42:47" hostname="Amanda" time="0.135">
  <properties/>
  <testcase name="testGetUsername" classname="com.kodilla.spring.forum.ForumUserTestSuite" time="0.135"/>
  <system-out><![CDATA[2019-06-11 21:42:47.367  INFO 5144 --- [    Test worker] .b.t.c.SpringBootTestContextBootstrapper : Neither @ContextConfiguration nor @ContextHierarchy found for test class [com.kodilla.spring.forum.ForumUserTestSuite], using SpringBootContextLoader
2019-06-11 21:42:47.368  INFO 5144 --- [    Test worker] o.s.t.c.support.AbstractContextLoader    : Could not detect default resource locations for test class [com.kodilla.spring.forum.ForumUserTestSuite]: no resource found for suffixes {-context.xml, Context.groovy}.
2019-06-11 21:42:47.369  INFO 5144 --- [    Test worker] t.c.s.AnnotationConfigContextLoaderUtils : Could not detect default configuration classes for test class [com.kodilla.spring.forum.ForumUserTestSuite]: ForumUserTestSuite does not declare any static, non-private, non-final, nested classes annotated with @Configuration.
2019-06-11 21:42:47.376  INFO 5144 --- [    Test worker] .b.t.c.SpringBootTestContextBootstrapper : Found @SpringBootConfiguration com.kodilla.spring.SpringRunner for test class com.kodilla.spring.forum.ForumUserTestSuite
2019-06-11 21:42:47.379  INFO 5144 --- [    Test worker] .b.t.c.SpringBootTestContextBootstrapper : Loaded default TestExecutionListener class names from location [META-INF/spring.factories]: [org.springframework.boot.test.autoconfigure.restdocs.RestDocsTestExecutionListener, org.springframework.boot.test.autoconfigure.web.client.MockRestServiceServerResetTestExecutionListener, org.springframework.boot.test.autoconfigure.web.servlet.MockMvcPrintOnlyOnFailureTestExecutionListener, org.springframework.boot.test.autoconfigure.web.servlet.WebDriverTestExecutionListener, org.springframework.boot.test.mock.mockito.MockitoTestExecutionListener, org.springframework.boot.test.mock.mockito.ResetMocksTestExecutionListener, org.springframework.test.context.web.ServletTestExecutionListener, org.springframework.test.context.support.DirtiesContextBeforeModesTestExecutionListener, org.springframework.test.context.support.DependencyInjectionTestExecutionListener, org.springframework.test.context.support.DirtiesContextTestExecutionListener, org.springframework.test.context.transaction.TransactionalTestExecutionListener, org.springframework.test.context.jdbc.SqlScriptsTestExecutionListener]
2019-06-11 21:42:47.381  INFO 5144 --- [    Test worker] .b.t.c.SpringBootTestContextBootstrapper : Using TestExecutionListeners: [org.springframework.test.context.support.DirtiesContextBeforeModesTestExecutionListener@15350e10, org.springframework.boot.test.mock.mockito.MockitoTestExecutionListener@1b86b767, org.springframework.boot.test.autoconfigure.SpringBootDependencyInjectionTestExecutionListener@7cc3a410, org.springframework.test.context.support.DirtiesContextTestExecutionListener@7db3d322, org.springframework.boot.test.autoconfigure.restdocs.RestDocsTestExecutionListener@404b070a, org.springframework.boot.test.autoconfigure.web.client.MockRestServiceServerResetTestExecutionListener@6e58bdeb, org.springframework.boot.test.autoconfigure.web.servlet.MockMvcPrintOnlyOnFailureTestExecutionListener@fda7714, org.springframework.boot.test.autoconfigure.web.servlet.WebDriverTestExecutionListener@6c939f0e, org.springframework.boot.test.mock.mockito.ResetMocksTestExecutionListener@74f8b6c1]
]]></system-out>
  <system-err><![CDATA[]]></system-err>
</testsuite>
