<?xml version="1.0" encoding="UTF-8"?>
<testsuite name="com.kodilla.spring.forum.ForumUserTestSuite" tests="1" skipped="0" failures="0" errors="0" timestamp="2019-06-10T22:24:48" hostname="Amanda" time="0.127">
  <properties/>
  <testcase name="testGetUsername" classname="com.kodilla.spring.forum.ForumUserTestSuite" time="0.127"/>
  <system-out><![CDATA[2019-06-11 00:24:48.064  INFO 6584 --- [    Test worker] .b.t.c.SpringBootTestContextBootstrapper : Neither @ContextConfiguration nor @ContextHierarchy found for test class [com.kodilla.spring.forum.ForumUserTestSuite], using SpringBootContextLoader
2019-06-11 00:24:48.065  INFO 6584 --- [    Test worker] o.s.t.c.support.AbstractContextLoader    : Could not detect default resource locations for test class [com.kodilla.spring.forum.ForumUserTestSuite]: no resource found for suffixes {-context.xml, Context.groovy}.
2019-06-11 00:24:48.065  INFO 6584 --- [    Test worker] t.c.s.AnnotationConfigContextLoaderUtils : Could not detect default configuration classes for test class [com.kodilla.spring.forum.ForumUserTestSuite]: ForumUserTestSuite does not declare any static, non-private, non-final, nested classes annotated with @Configuration.
2019-06-11 00:24:48.067  INFO 6584 --- [    Test worker] .b.t.c.SpringBootTestContextBootstrapper : Found @SpringBootConfiguration com.kodilla.spring.SpringRunner for test class com.kodilla.spring.forum.ForumUserTestSuite
2019-06-11 00:24:48.067  INFO 6584 --- [    Test worker] .b.t.c.SpringBootTestContextBootstrapper : Loaded default TestExecutionListener class names from location [META-INF/spring.factories]: [org.springframework.boot.test.autoconfigure.restdocs.RestDocsTestExecutionListener, org.springframework.boot.test.autoconfigure.web.client.MockRestServiceServerResetTestExecutionListener, org.springframework.boot.test.autoconfigure.web.servlet.MockMvcPrintOnlyOnFailureTestExecutionListener, org.springframework.boot.test.autoconfigure.web.servlet.WebDriverTestExecutionListener, org.springframework.boot.test.mock.mockito.MockitoTestExecutionListener, org.springframework.boot.test.mock.mockito.ResetMocksTestExecutionListener, org.springframework.test.context.web.ServletTestExecutionListener, org.springframework.test.context.support.DirtiesContextBeforeModesTestExecutionListener, org.springframework.test.context.support.DependencyInjectionTestExecutionListener, org.springframework.test.context.support.DirtiesContextTestExecutionListener, org.springframework.test.context.transaction.TransactionalTestExecutionListener, org.springframework.test.context.jdbc.SqlScriptsTestExecutionListener]
2019-06-11 00:24:48.077  INFO 6584 --- [    Test worker] .b.t.c.SpringBootTestContextBootstrapper : Using TestExecutionListeners: [org.springframework.test.context.support.DirtiesContextBeforeModesTestExecutionListener@3d5756cd, org.springframework.boot.test.mock.mockito.MockitoTestExecutionListener@15819ecd, org.springframework.boot.test.autoconfigure.SpringBootDependencyInjectionTestExecutionListener@e498c31, org.springframework.test.context.support.DirtiesContextTestExecutionListener@10d107e3, org.springframework.boot.test.autoconfigure.restdocs.RestDocsTestExecutionListener@1737da0a, org.springframework.boot.test.autoconfigure.web.client.MockRestServiceServerResetTestExecutionListener@e5959d7, org.springframework.boot.test.autoconfigure.web.servlet.MockMvcPrintOnlyOnFailureTestExecutionListener@4c337429, org.springframework.boot.test.autoconfigure.web.servlet.WebDriverTestExecutionListener@54458c53, org.springframework.boot.test.mock.mockito.ResetMocksTestExecutionListener@7d0bfb5b]
]]></system-out>
  <system-err><![CDATA[]]></system-err>
</testsuite>
