<?xml version="1.0" encoding="UTF-8"?>
<testsuite name="com.kodilla.testing.shape.ShapeCollectorTestSuite" tests="4" skipped="0" failures="0" errors="0" timestamp="2019-06-11T19:42:51" hostname="Amanda" time="0.002">
  <properties/>
  <testcase name="testaddFigure" classname="com.kodilla.testing.shape.ShapeCollectorTestSuite" time="0.001"/>
  <testcase name="testgetFigure" classname="com.kodilla.testing.shape.ShapeCollectorTestSuite" time="0.001"/>
  <testcase name="testremoveFigure" classname="com.kodilla.testing.shape.ShapeCollectorTestSuite" time="0.0"/>
  <testcase name="testshowFigures" classname="com.kodilla.testing.shape.ShapeCollectorTestSuite" time="0.0"/>
  <system-out><![CDATA[Poczatek testow masla maslanego
Przygotowanie do rozpoczecia testu maselka maslanego #1
Przygotowanie do rozpoczecia testu maselka maslanego #2
Przygotowanie do rozpoczecia testu maselka maslanego #3
Przygotowanie do rozpoczecia testu maselka maslanego #4
Koniec testow masla maslanego
]]></system-out>
  <system-err><![CDATA[]]></system-err>
</testsuite>
