<?xml version="1.0" encoding="UTF-8"?>
<testsuite name="com.kodilla.testing.library.BookDirectoryTestSuite" tests="6" skipped="0" failures="0" errors="0" timestamp="2019-04-10T16:53:01" hostname="Amanda" time="0.121">
  <properties/>
  <testcase name="testlistBooksInHandsOfZeroByUser" classname="com.kodilla.testing.library.BookDirectoryTestSuite" time="0.114"/>
  <testcase name="testListBooksWithConditionFragmentShorterThan3" classname="com.kodilla.testing.library.BookDirectoryTestSuite" time="0.004"/>
  <testcase name="testListBooksWithConditionMoreThan20" classname="com.kodilla.testing.library.BookDirectoryTestSuite" time="0.001"/>
  <testcase name="testListBooksWithConditionsReturnList" classname="com.kodilla.testing.library.BookDirectoryTestSuite" time="0.0"/>
  <testcase name="testlistBooksInHandsOfOneByUser" classname="com.kodilla.testing.library.BookDirectoryTestSuite" time="0.0"/>
  <testcase name="testlistBooksInHandsOfFiveByUser" classname="com.kodilla.testing.library.BookDirectoryTestSuite" time="0.0"/>
  <system-out><![CDATA[]]></system-out>
  <system-err><![CDATA[]]></system-err>
</testsuite>
