<?xml version="1.0" encoding="UTF-8"?>
<testsuite name="com.kodilla.testing.library.BookDirectoryTestSuite" tests="6" skipped="0" failures="0" errors="0" timestamp="2019-04-17T20:05:38" hostname="Amanda" time="0.145">
  <properties/>
  <testcase name="testlistBooksInHandsOfZeroByUser" classname="com.kodilla.testing.library.BookDirectoryTestSuite" time="0.13"/>
  <testcase name="testListBooksWithConditionFragmentShorterThan3" classname="com.kodilla.testing.library.BookDirectoryTestSuite" time="0.009"/>
  <testcase name="testListBooksWithConditionMoreThan20" classname="com.kodilla.testing.library.BookDirectoryTestSuite" time="0.002"/>
  <testcase name="testListBooksWithConditionsReturnList" classname="com.kodilla.testing.library.BookDirectoryTestSuite" time="0.0"/>
  <testcase name="testlistBooksInHandsOfOneByUser" classname="com.kodilla.testing.library.BookDirectoryTestSuite" time="0.0"/>
  <testcase name="testlistBooksInHandsOfFiveByUser" classname="com.kodilla.testing.library.BookDirectoryTestSuite" time="0.001"/>
  <system-out><![CDATA[]]></system-out>
  <system-err><![CDATA[]]></system-err>
</testsuite>
