<?xml version="1.0" encoding="UTF-8"?>
<testsuite name="com.kodilla.patterns.prototype.library.LibraryTestSuite" tests="1" skipped="0" failures="0" errors="0" timestamp="2019-06-13T13:58:31" hostname="Amanda" time="0.028">
  <properties/>
  <testcase name="testGetBooks" classname="com.kodilla.patterns.prototype.library.LibraryTestSuite" time="0.028"/>
  <system-out><![CDATA[    Library: Library 1
    Book{Author: Authors' | Title: Titles' | Publication date: 2019-06-13}
    Book{Author: Authors' | Title: Titles' | Publication date: 2019-06-13}
    Book{Author: Authors' | Title: Titles' | Publication date: 2019-06-13}
    Book{Author: Authors' | Title: Titles' | Publication date: 2019-06-13}
    Book{Author: Authors' | Title: Titles' | Publication date: 2019-06-13}

    Library: Library 2
    Book{Author: Authors' | Title: Titles' | Publication date: 2019-06-13}
    Book{Author: Authors' | Title: Titles' | Publication date: 2019-06-13}
    Book{Author: Authors' | Title: Titles' | Publication date: 2019-06-13}
    Book{Author: Authors' | Title: Titles' | Publication date: 2019-06-13}
    Book{Author: Authors' | Title: Titles' | Publication date: 2019-06-13}

    Library: Library 3
    Book{Author: Titles' | Title: Authors' | Publication date: 2019-06-13}
    Book{Author: Titles' | Title: Authors' | Publication date: 2019-06-13}
    Book{Author: Titles' | Title: Authors' | Publication date: 2019-06-13}
    Book{Author: Titles' | Title: Authors' | Publication date: 2019-06-13}
    Book{Author: Titles' | Title: Authors' | Publication date: 2019-06-13}

]]></system-out>
  <system-err><![CDATA[]]></system-err>
</testsuite>
