<?xml version="1.0" encoding="UTF-8"?>
<testsuite name="com.kodilla.patterns.singleton.LoggerTestSuite" tests="1" skipped="0" failures="0" errors="0" timestamp="2019-06-12T17:43:43" hostname="Amanda" time="0.001">
  <properties/>
  <testcase name="getLastLog" classname="com.kodilla.patterns.singleton.LoggerTestSuite" time="0.001"/>
  <system-out><![CDATA[Log: [All Bundy.]
Last log: All Bundy.
]]></system-out>
  <system-err><![CDATA[]]></system-err>
</testsuite>
