<?xml version="1.0" encoding="UTF-8"?>
<testsuite name="com.kodilla.patterns.strategy.social.UserTestSuite" tests="2" skipped="0" failures="0" errors="0" timestamp="2019-06-13T21:02:19" hostname="Amanda" time="0.003">
  <properties/>
  <testcase name="testDefaultSharingStrategies" classname="com.kodilla.patterns.strategy.social.UserTestSuite" time="0.002"/>
  <testcase name="testIndividualSharingStrategy" classname="com.kodilla.patterns.strategy.social.UserTestSuite" time="0.001"/>
  <system-out><![CDATA[All will be sharing this on: [Facebook]
Kelly will be sharing this on: [Twitter]
Bud will be sharing this on: [Snapchat]
All is sharing this on [Facebook]
All is now sharing this on [Snapchat]
]]></system-out>
  <system-err><![CDATA[]]></system-err>
</testsuite>
