<?xml version="1.0" encoding="UTF-8"?>
<testsuite name="com.kodilla.patterns.builder.bigmac.BigMacTestSuite" tests="1" skipped="0" failures="0" errors="0" timestamp="2019-06-14T14:09:32" hostname="Amanda" time="0.005">
  <properties/>
  <testcase name="testBigMacBuild" classname="com.kodilla.patterns.builder.bigmac.BigMacTestSuite" time="0.005"/>
  <system-out><![CDATA[BigMac coming right up! | bun= bun with sesame|| burgers= 2|| sauce= [garlic, Jack Daniels BBQ]|| ingredients=[onion, tomato, cheese]}
]]></system-out>
  <system-err><![CDATA[]]></system-err>
</testsuite>
